This file contains any messages produced by compilers while
running configure, to aid debugging if configure makes a mistake.

It was created by autodock configure 4.2.6, which was
generated by GNU Autoconf 2.69.  Invocation command line was

  $ ./configure 

## --------- ##
## Platform. ##
## --------- ##

hostname = eddie
uname -m = x86_64
uname -r = 3.13.0-77-generic
uname -s = Linux
uname -v = #121-Ubuntu SMP Wed Jan 20 10:50:42 UTC 2016

/usr/bin/uname -p = unknown
/bin/uname -X     = unknown

/bin/arch              = unknown
/usr/bin/arch -k       = unknown
/usr/convex/getsysinfo = unknown
/usr/bin/hostinfo      = unknown
/bin/machine           = unknown
/usr/bin/oslevel       = unknown
/bin/universe          = unknown

PATH: /home/cpmode/programs/mgltools_x86_64Linux2_1.5.7rc1/bin
PATH: /home/cpmode/Dropbox/programs/autodock-grid_4-2-6/
PATH: /usr/local/sbin
PATH: /usr/local/bin
PATH: /usr/sbin
PATH: /usr/bin
PATH: /sbin
PATH: /bin
PATH: /usr/games
PATH: /usr/local/games
PATH: /home/cpmode/programs/amber14/bin


## ----------- ##
## Core tests. ##
## ----------- ##

configure:2363: checking for a BSD-compatible install
configure:2431: result: /usr/bin/install -c
configure:2442: checking whether build environment is sane
configure:2497: result: yes
configure:2535: WARNING: 'missing' script is too old or missing
configure:2648: checking for a thread-safe mkdir -p
configure:2687: result: /bin/mkdir -p
configure:2694: checking for gawk
configure:2724: result: no
configure:2694: checking for mawk
configure:2710: found /usr/bin/mawk
configure:2721: result: mawk
configure:2732: checking whether make sets $(MAKE)
configure:2754: result: yes
configure:2783: checking whether make supports nested variables
configure:2800: result: yes
configure:2934: checking for gawk
configure:2961: result: mawk
configure:3033: checking for g++
configure:3049: found /usr/bin/g++
configure:3060: result: g++
configure:3087: checking for C++ compiler version
configure:3096: g++ --version >&5
g++ (Ubuntu 4.8.4-2ubuntu1~14.04) 4.8.4
Copyright (C) 2013 Free Software Foundation, Inc.
This is free software; see the source for copying conditions.  There is NO
warranty; not even for MERCHANTABILITY or FITNESS FOR A PARTICULAR PURPOSE.

configure:3107: $? = 0
configure:3096: g++ -v >&5
Using built-in specs.
COLLECT_GCC=g++
COLLECT_LTO_WRAPPER=/usr/lib/gcc/x86_64-linux-gnu/4.8/lto-wrapper
Target: x86_64-linux-gnu
Configured with: ../src/configure -v --with-pkgversion='Ubuntu 4.8.4-2ubuntu1~14.04' --with-bugurl=file:///usr/share/doc/gcc-4.8/README.Bugs --enable-languages=c,c++,java,go,d,fortran,objc,obj-c++ --prefix=/usr --program-suffix=-4.8 --enable-shared --enable-linker-build-id --libexecdir=/usr/lib --without-included-gettext --enable-threads=posix --with-gxx-include-dir=/usr/include/c++/4.8 --libdir=/usr/lib --enable-nls --with-sysroot=/ --enable-clocale=gnu --enable-libstdcxx-debug --enable-libstdcxx-time=yes --enable-gnu-unique-object --disable-libmudflap --enable-plugin --with-system-zlib --disable-browser-plugin --enable-java-awt=gtk --enable-gtk-cairo --with-java-home=/usr/lib/jvm/java-1.5.0-gcj-4.8-amd64/jre --enable-java-home --with-jvm-root-dir=/usr/lib/jvm/java-1.5.0-gcj-4.8-amd64 --with-jvm-jar-dir=/usr/lib/jvm-exports/java-1.5.0-gcj-4.8-amd64 --with-arch-directory=amd64 --with-ecj-jar=/usr/share/java/eclipse-ecj.jar --enable-objc-gc --enable-multiarch --disable-werror --with-arch-32=i686 --with-abi=m64 --with-multilib-list=m32,m64,mx32 --with-tune=generic --enable-checking=release --build=x86_64-linux-gnu --host=x86_64-linux-gnu --target=x86_64-linux-gnu
Thread model: posix
gcc version 4.8.4 (Ubuntu 4.8.4-2ubuntu1~14.04) 
configure:3107: $? = 0
configure:3096: g++ -V >&5
g++: error: unrecognized command line option '-V'
g++: fatal error: no input files
compilation terminated.
configure:3107: $? = 4
configure:3096: g++ -qversion >&5
g++: error: unrecognized command line option '-qversion'
g++: fatal error: no input files
compilation terminated.
configure:3107: $? = 4
configure:3127: checking whether the C++ compiler works
configure:3149: g++    conftest.cpp  >&5
configure:3153: $? = 0
configure:3201: result: yes
configure:3204: checking for C++ compiler default output file name
configure:3206: result: a.out
configure:3212: checking for suffix of executables
configure:3219: g++ -o conftest    conftest.cpp  >&5
configure:3223: $? = 0
configure:3245: result: 
configure:3267: checking whether we are cross compiling
configure:3275: g++ -o conftest    conftest.cpp  >&5
configure:3279: $? = 0
configure:3286: ./conftest
configure:3290: $? = 0
configure:3305: result: no
configure:3310: checking for suffix of object files
configure:3332: g++ -c   conftest.cpp >&5
configure:3336: $? = 0
configure:3357: result: o
configure:3361: checking whether we are using the GNU C++ compiler
configure:3380: g++ -c   conftest.cpp >&5
configure:3380: $? = 0
configure:3389: result: yes
configure:3398: checking whether g++ accepts -g
configure:3418: g++ -c -g  conftest.cpp >&5
configure:3418: $? = 0
configure:3459: result: yes
configure:3493: checking for style of include used by make
configure:3521: result: GNU
configure:3547: checking dependency style of g++
configure:3658: result: gcc3
configure:3719: checking for ranlib
configure:3735: found /usr/bin/ranlib
configure:3746: result: ranlib
configure:3773: checking build system type
configure:3787: result: x86_64-unknown-linux-gnu
configure:3807: checking host system type
configure:3820: result: x86_64-unknown-linux-gnu
configure:3890: checking for gcc
configure:3906: found /usr/bin/gcc
configure:3917: result: gcc
configure:4146: checking for C compiler version
configure:4155: gcc --version >&5
gcc (Ubuntu 4.8.4-2ubuntu1~14.04) 4.8.4
Copyright (C) 2013 Free Software Foundation, Inc.
This is free software; see the source for copying conditions.  There is NO
warranty; not even for MERCHANTABILITY or FITNESS FOR A PARTICULAR PURPOSE.

configure:4166: $? = 0
configure:4155: gcc -v >&5
Using built-in specs.
COLLECT_GCC=gcc
COLLECT_LTO_WRAPPER=/usr/lib/gcc/x86_64-linux-gnu/4.8/lto-wrapper
Target: x86_64-linux-gnu
Configured with: ../src/configure -v --with-pkgversion='Ubuntu 4.8.4-2ubuntu1~14.04' --with-bugurl=file:///usr/share/doc/gcc-4.8/README.Bugs --enable-languages=c,c++,java,go,d,fortran,objc,obj-c++ --prefix=/usr --program-suffix=-4.8 --enable-shared --enable-linker-build-id --libexecdir=/usr/lib --without-included-gettext --enable-threads=posix --with-gxx-include-dir=/usr/include/c++/4.8 --libdir=/usr/lib --enable-nls --with-sysroot=/ --enable-clocale=gnu --enable-libstdcxx-debug --enable-libstdcxx-time=yes --enable-gnu-unique-object --disable-libmudflap --enable-plugin --with-system-zlib --disable-browser-plugin --enable-java-awt=gtk --enable-gtk-cairo --with-java-home=/usr/lib/jvm/java-1.5.0-gcj-4.8-amd64/jre --enable-java-home --with-jvm-root-dir=/usr/lib/jvm/java-1.5.0-gcj-4.8-amd64 --with-jvm-jar-dir=/usr/lib/jvm-exports/java-1.5.0-gcj-4.8-amd64 --with-arch-directory=amd64 --with-ecj-jar=/usr/share/java/eclipse-ecj.jar --enable-objc-gc --enable-multiarch --disable-werror --with-arch-32=i686 --with-abi=m64 --with-multilib-list=m32,m64,mx32 --with-tune=generic --enable-checking=release --build=x86_64-linux-gnu --host=x86_64-linux-gnu --target=x86_64-linux-gnu
Thread model: posix
gcc version 4.8.4 (Ubuntu 4.8.4-2ubuntu1~14.04) 
configure:4166: $? = 0
configure:4155: gcc -V >&5
gcc: error: unrecognized command line option '-V'
gcc: fatal error: no input files
compilation terminated.
configure:4166: $? = 4
configure:4155: gcc -qversion >&5
gcc: error: unrecognized command line option '-qversion'
gcc: fatal error: no input files
compilation terminated.
configure:4166: $? = 4
configure:4170: checking whether we are using the GNU C compiler
configure:4189: gcc -c   conftest.c >&5
configure:4189: $? = 0
configure:4198: result: yes
configure:4207: checking whether gcc accepts -g
configure:4227: gcc -c -g  conftest.c >&5
configure:4227: $? = 0
configure:4268: result: yes
configure:4285: checking for gcc option to accept ISO C89
configure:4348: gcc  -c -g -O2  conftest.c >&5
configure:4348: $? = 0
configure:4361: result: none needed
configure:4386: checking whether gcc understands -c and -o together
configure:4408: gcc -c conftest.c -o conftest2.o
configure:4411: $? = 0
configure:4408: gcc -c conftest.c -o conftest2.o
configure:4411: $? = 0
configure:4423: result: yes
configure:4442: checking dependency style of gcc
configure:4553: result: gcc3
configure:4574: checking how to run the C preprocessor
configure:4605: gcc -E  conftest.c
configure:4605: $? = 0
configure:4619: gcc -E  conftest.c
conftest.c:11:28: fatal error: ac_nonexistent.h: No such file or directory
 #include <ac_nonexistent.h>
                            ^
compilation terminated.
configure:4619: $? = 1
configure: failed program was:
| /* confdefs.h */
| #define PACKAGE_NAME "autodock"
| #define PACKAGE_TARNAME "autodock"
| #define PACKAGE_VERSION "4.2.6"
| #define PACKAGE_STRING "autodock 4.2.6"
| #define PACKAGE_BUGREPORT "autodock@scripps.edu"
| #define PACKAGE_URL ""
| #define PACKAGE "autodock"
| #define VERSION "4.2.6"
| /* end confdefs.h.  */
| #include <ac_nonexistent.h>
configure:4644: result: gcc -E
configure:4664: gcc -E  conftest.c
configure:4664: $? = 0
configure:4678: gcc -E  conftest.c
conftest.c:11:28: fatal error: ac_nonexistent.h: No such file or directory
 #include <ac_nonexistent.h>
                            ^
compilation terminated.
configure:4678: $? = 1
configure: failed program was:
| /* confdefs.h */
| #define PACKAGE_NAME "autodock"
| #define PACKAGE_TARNAME "autodock"
| #define PACKAGE_VERSION "4.2.6"
| #define PACKAGE_STRING "autodock 4.2.6"
| #define PACKAGE_BUGREPORT "autodock@scripps.edu"
| #define PACKAGE_URL ""
| #define PACKAGE "autodock"
| #define VERSION "4.2.6"
| /* end confdefs.h.  */
| #include <ac_nonexistent.h>
configure:4707: checking for grep that handles long lines and -e
configure:4765: result: /bin/grep
configure:4770: checking for egrep
configure:4832: result: /bin/grep -E
configure:4837: checking for ANSI C header files
configure:4857: gcc -c -g -O2  conftest.c >&5
configure:4857: $? = 0
configure:4930: gcc -o conftest -g -O2   conftest.c  >&5
configure:4930: $? = 0
configure:4930: ./conftest
configure:4930: $? = 0
configure:4941: result: yes
configure:4957: checking for sys/types.h
configure:4957: gcc -c -g -O2  conftest.c >&5
configure:4957: $? = 0
configure:4957: result: yes
configure:4957: checking for sys/stat.h
configure:4957: gcc -c -g -O2  conftest.c >&5
configure:4957: $? = 0
configure:4957: result: yes
configure:4957: checking for stdlib.h
configure:4957: gcc -c -g -O2  conftest.c >&5
configure:4957: $? = 0
configure:4957: result: yes
configure:4957: checking for string.h
configure:4957: gcc -c -g -O2  conftest.c >&5
configure:4957: $? = 0
configure:4957: result: yes
configure:4957: checking for memory.h
configure:4957: gcc -c -g -O2  conftest.c >&5
configure:4957: $? = 0
configure:4957: result: yes
configure:4957: checking for strings.h
configure:4957: gcc -c -g -O2  conftest.c >&5
configure:4957: $? = 0
configure:4957: result: yes
configure:4957: checking for inttypes.h
configure:4957: gcc -c -g -O2  conftest.c >&5
configure:4957: $? = 0
configure:4957: result: yes
configure:4957: checking for stdint.h
configure:4957: gcc -c -g -O2  conftest.c >&5
configure:4957: $? = 0
configure:4957: result: yes
configure:4957: checking for unistd.h
configure:4957: gcc -c -g -O2  conftest.c >&5
configure:4957: $? = 0
configure:4957: result: yes
configure:4969: checking for stdbool.h that conforms to C99
configure:5036: gcc -c -g -O2  conftest.c >&5
configure:5036: $? = 0
configure:5043: result: yes
configure:5045: checking for _Bool
configure:5045: gcc -c -g -O2  conftest.c >&5
configure:5045: $? = 0
configure:5045: gcc -c -g -O2  conftest.c >&5
conftest.c: In function 'main':
conftest.c:57:20: error: expected expression before ')' token
 if (sizeof ((_Bool)))
                    ^
configure:5045: $? = 1
configure: failed program was:
| /* confdefs.h */
| #define PACKAGE_NAME "autodock"
| #define PACKAGE_TARNAME "autodock"
| #define PACKAGE_VERSION "4.2.6"
| #define PACKAGE_STRING "autodock 4.2.6"
| #define PACKAGE_BUGREPORT "autodock@scripps.edu"
| #define PACKAGE_URL ""
| #define PACKAGE "autodock"
| #define VERSION "4.2.6"
| #define STDC_HEADERS 1
| #define HAVE_SYS_TYPES_H 1
| #define HAVE_SYS_STAT_H 1
| #define HAVE_STDLIB_H 1
| #define HAVE_STRING_H 1
| #define HAVE_MEMORY_H 1
| #define HAVE_STRINGS_H 1
| #define HAVE_INTTYPES_H 1
| #define HAVE_STDINT_H 1
| #define HAVE_UNISTD_H 1
| /* end confdefs.h.  */
| #include <stdio.h>
| #ifdef HAVE_SYS_TYPES_H
| # include <sys/types.h>
| #endif
| #ifdef HAVE_SYS_STAT_H
| # include <sys/stat.h>
| #endif
| #ifdef STDC_HEADERS
| # include <stdlib.h>
| # include <stddef.h>
| #else
| # ifdef HAVE_STDLIB_H
| #  include <stdlib.h>
| # endif
| #endif
| #ifdef HAVE_STRING_H
| # if !defined STDC_HEADERS && defined HAVE_MEMORY_H
| #  include <memory.h>
| # endif
| # include <string.h>
| #endif
| #ifdef HAVE_STRINGS_H
| # include <strings.h>
| #endif
| #ifdef HAVE_INTTYPES_H
| # include <inttypes.h>
| #endif
| #ifdef HAVE_STDINT_H
| # include <stdint.h>
| #endif
| #ifdef HAVE_UNISTD_H
| # include <unistd.h>
| #endif
| int
| main ()
| {
| if (sizeof ((_Bool)))
| 	    return 0;
|   ;
|   return 0;
| }
configure:5045: result: yes
configure:5062: checking for an ANSI C-conforming const
configure:5128: gcc -c -g -O2  conftest.c >&5
configure:5128: $? = 0
configure:5135: result: yes
configure:5143: checking for inline
configure:5159: gcc -c -g -O2  conftest.c >&5
configure:5159: $? = 0
configure:5167: result: inline
configure:5185: checking for size_t
configure:5185: gcc -c -g -O2  conftest.c >&5
configure:5185: $? = 0
configure:5185: gcc -c -g -O2  conftest.c >&5
conftest.c: In function 'main':
conftest.c:59:21: error: expected expression before ')' token
 if (sizeof ((size_t)))
                     ^
configure:5185: $? = 1
configure: failed program was:
| /* confdefs.h */
| #define PACKAGE_NAME "autodock"
| #define PACKAGE_TARNAME "autodock"
| #define PACKAGE_VERSION "4.2.6"
| #define PACKAGE_STRING "autodock 4.2.6"
| #define PACKAGE_BUGREPORT "autodock@scripps.edu"
| #define PACKAGE_URL ""
| #define PACKAGE "autodock"
| #define VERSION "4.2.6"
| #define STDC_HEADERS 1
| #define HAVE_SYS_TYPES_H 1
| #define HAVE_SYS_STAT_H 1
| #define HAVE_STDLIB_H 1
| #define HAVE_STRING_H 1
| #define HAVE_MEMORY_H 1
| #define HAVE_STRINGS_H 1
| #define HAVE_INTTYPES_H 1
| #define HAVE_STDINT_H 1
| #define HAVE_UNISTD_H 1
| #define HAVE__BOOL 1
| #define HAVE_STDBOOL_H 1
| /* end confdefs.h.  */
| #include <stdio.h>
| #ifdef HAVE_SYS_TYPES_H
| # include <sys/types.h>
| #endif
| #ifdef HAVE_SYS_STAT_H
| # include <sys/stat.h>
| #endif
| #ifdef STDC_HEADERS
| # include <stdlib.h>
| # include <stddef.h>
| #else
| # ifdef HAVE_STDLIB_H
| #  include <stdlib.h>
| # endif
| #endif
| #ifdef HAVE_STRING_H
| # if !defined STDC_HEADERS && defined HAVE_MEMORY_H
| #  include <memory.h>
| # endif
| # include <string.h>
| #endif
| #ifdef HAVE_STRINGS_H
| # include <strings.h>
| #endif
| #ifdef HAVE_INTTYPES_H
| # include <inttypes.h>
| #endif
| #ifdef HAVE_STDINT_H
| # include <stdint.h>
| #endif
| #ifdef HAVE_UNISTD_H
| # include <unistd.h>
| #endif
| int
| main ()
| {
| if (sizeof ((size_t)))
| 	    return 0;
|   ;
|   return 0;
| }
configure:5185: result: yes
configure:5196: checking whether struct tm is in sys/time.h or time.h
configure:5216: gcc -c -g -O2  conftest.c >&5
configure:5216: $? = 0
configure:5223: result: time.h
configure:5235: checking for stdlib.h
configure:5235: result: yes
configure:5245: checking for GNU libc compatible malloc
configure:5269: gcc -o conftest -g -O2   conftest.c  >&5
configure:5269: $? = 0
configure:5269: ./conftest
configure:5269: $? = 0
configure:5279: result: yes
configure:5310: checking for gethostname
configure:5310: gcc -o conftest -g -O2   conftest.c  >&5
configure:5310: $? = 0
configure:5310: result: yes
configure:5310: checking for getpid
configure:5310: gcc -o conftest -g -O2   conftest.c  >&5
configure:5310: $? = 0
configure:5310: result: yes
configure:5310: checking for GetProcessId
configure:5310: gcc -o conftest -g -O2   conftest.c  >&5
/tmp/cc5GXT83.o: In function `main':
/home/cpmode/Dropbox/glyco-division/programas/autogrid_dock_src/autodock/conftest.c:61: undefined reference to `GetProcessId'
collect2: error: ld returned 1 exit status
configure:5310: $? = 1
configure: failed program was:
| /* confdefs.h */
| #define PACKAGE_NAME "autodock"
| #define PACKAGE_TARNAME "autodock"
| #define PACKAGE_VERSION "4.2.6"
| #define PACKAGE_STRING "autodock 4.2.6"
| #define PACKAGE_BUGREPORT "autodock@scripps.edu"
| #define PACKAGE_URL ""
| #define PACKAGE "autodock"
| #define VERSION "4.2.6"
| #define STDC_HEADERS 1
| #define HAVE_SYS_TYPES_H 1
| #define HAVE_SYS_STAT_H 1
| #define HAVE_STDLIB_H 1
| #define HAVE_STRING_H 1
| #define HAVE_MEMORY_H 1
| #define HAVE_STRINGS_H 1
| #define HAVE_INTTYPES_H 1
| #define HAVE_STDINT_H 1
| #define HAVE_UNISTD_H 1
| #define HAVE__BOOL 1
| #define HAVE_STDBOOL_H 1
| #define HAVE_STDLIB_H 1
| #define HAVE_MALLOC 1
| #define HAVE_GETHOSTNAME 1
| #define HAVE_GETPID 1
| /* end confdefs.h.  */
| /* Define GetProcessId to an innocuous variant, in case <limits.h> declares GetProcessId.
|    For example, HP-UX 11i <limits.h> declares gettimeofday.  */
| #define GetProcessId innocuous_GetProcessId
| 
| /* System header to define __stub macros and hopefully few prototypes,
|     which can conflict with char GetProcessId (); below.
|     Prefer <limits.h> to <assert.h> if __STDC__ is defined, since
|     <limits.h> exists even on freestanding compilers.  */
| 
| #ifdef __STDC__
| # include <limits.h>
| #else
| # include <assert.h>
| #endif
| 
| #undef GetProcessId
| 
| /* Override any GCC internal prototype to avoid an error.
|    Use char because int might match the return type of a GCC
|    builtin and then its argument prototype would still apply.  */
| #ifdef __cplusplus
| extern "C"
| #endif
| char GetProcessId ();
| /* The GNU C library defines this for functions which it implements
|     to always fail with ENOSYS.  Some functions are actually named
|     something starting with __ and the normal name is an alias.  */
| #if defined __stub_GetProcessId || defined __stub___GetProcessId
| choke me
| #endif
| 
| int
| main ()
| {
| return GetProcessId ();
|   ;
|   return 0;
| }
configure:5310: result: no
configure:5310: checking for fchmod
configure:5310: gcc -o conftest -g -O2   conftest.c  >&5
configure:5310: $? = 0
configure:5310: result: yes
configure:5310: checking for setlinebuf
configure:5310: gcc -o conftest -g -O2   conftest.c  >&5
configure:5310: $? = 0
configure:5310: result: yes
configure:5310: checking for sysconf
configure:5310: gcc -o conftest -g -O2   conftest.c  >&5
configure:5310: $? = 0
configure:5310: result: yes
configure:5310: checking for times
configure:5310: gcc -o conftest -g -O2   conftest.c  >&5
configure:5310: $? = 0
configure:5310: result: yes
configure:5310: checking for getrusage
configure:5310: gcc -o conftest -g -O2   conftest.c  >&5
configure:5310: $? = 0
configure:5310: result: yes
configure:5310: checking for pow
configure:5310: gcc -o conftest -g -O2   conftest.c  >&5
conftest.c:55:6: warning: conflicting types for built-in function 'pow' [enabled by default]
 char pow ();
      ^
/tmp/cc9ZaTJs.o: In function `main':
/home/cpmode/Dropbox/glyco-division/programas/autogrid_dock_src/autodock/conftest.c:66: undefined reference to `pow'
collect2: error: ld returned 1 exit status
configure:5310: $? = 1
configure: failed program was:
| /* confdefs.h */
| #define PACKAGE_NAME "autodock"
| #define PACKAGE_TARNAME "autodock"
| #define PACKAGE_VERSION "4.2.6"
| #define PACKAGE_STRING "autodock 4.2.6"
| #define PACKAGE_BUGREPORT "autodock@scripps.edu"
| #define PACKAGE_URL ""
| #define PACKAGE "autodock"
| #define VERSION "4.2.6"
| #define STDC_HEADERS 1
| #define HAVE_SYS_TYPES_H 1
| #define HAVE_SYS_STAT_H 1
| #define HAVE_STDLIB_H 1
| #define HAVE_STRING_H 1
| #define HAVE_MEMORY_H 1
| #define HAVE_STRINGS_H 1
| #define HAVE_INTTYPES_H 1
| #define HAVE_STDINT_H 1
| #define HAVE_UNISTD_H 1
| #define HAVE__BOOL 1
| #define HAVE_STDBOOL_H 1
| #define HAVE_STDLIB_H 1
| #define HAVE_MALLOC 1
| #define HAVE_GETHOSTNAME 1
| #define HAVE_GETPID 1
| #define HAVE_FCHMOD 1
| #define HAVE_SETLINEBUF 1
| #define HAVE_SYSCONF 1
| #define HAVE_TIMES 1
| #define HAVE_GETRUSAGE 1
| /* end confdefs.h.  */
| /* Define pow to an innocuous variant, in case <limits.h> declares pow.
|    For example, HP-UX 11i <limits.h> declares gettimeofday.  */
| #define pow innocuous_pow
| 
| /* System header to define __stub macros and hopefully few prototypes,
|     which can conflict with char pow (); below.
|     Prefer <limits.h> to <assert.h> if __STDC__ is defined, since
|     <limits.h> exists even on freestanding compilers.  */
| 
| #ifdef __STDC__
| # include <limits.h>
| #else
| # include <assert.h>
| #endif
| 
| #undef pow
| 
| /* Override any GCC internal prototype to avoid an error.
|    Use char because int might match the return type of a GCC
|    builtin and then its argument prototype would still apply.  */
| #ifdef __cplusplus
| extern "C"
| #endif
| char pow ();
| /* The GNU C library defines this for functions which it implements
|     to always fail with ENOSYS.  Some functions are actually named
|     something starting with __ and the normal name is an alias.  */
| #if defined __stub_pow || defined __stub___pow
| choke me
| #endif
| 
| int
| main ()
| {
| return pow ();
|   ;
|   return 0;
| }
configure:5310: result: no
configure:5310: checking for sqrt
configure:5310: gcc -o conftest -g -O2   conftest.c  >&5
conftest.c:55:6: warning: conflicting types for built-in function 'sqrt' [enabled by default]
 char sqrt ();
      ^
/tmp/ccsJ93ox.o: In function `main':
/home/cpmode/Dropbox/glyco-division/programas/autogrid_dock_src/autodock/conftest.c:66: undefined reference to `sqrt'
collect2: error: ld returned 1 exit status
configure:5310: $? = 1
configure: failed program was:
| /* confdefs.h */
| #define PACKAGE_NAME "autodock"
| #define PACKAGE_TARNAME "autodock"
| #define PACKAGE_VERSION "4.2.6"
| #define PACKAGE_STRING "autodock 4.2.6"
| #define PACKAGE_BUGREPORT "autodock@scripps.edu"
| #define PACKAGE_URL ""
| #define PACKAGE "autodock"
| #define VERSION "4.2.6"
| #define STDC_HEADERS 1
| #define HAVE_SYS_TYPES_H 1
| #define HAVE_SYS_STAT_H 1
| #define HAVE_STDLIB_H 1
| #define HAVE_STRING_H 1
| #define HAVE_MEMORY_H 1
| #define HAVE_STRINGS_H 1
| #define HAVE_INTTYPES_H 1
| #define HAVE_STDINT_H 1
| #define HAVE_UNISTD_H 1
| #define HAVE__BOOL 1
| #define HAVE_STDBOOL_H 1
| #define HAVE_STDLIB_H 1
| #define HAVE_MALLOC 1
| #define HAVE_GETHOSTNAME 1
| #define HAVE_GETPID 1
| #define HAVE_FCHMOD 1
| #define HAVE_SETLINEBUF 1
| #define HAVE_SYSCONF 1
| #define HAVE_TIMES 1
| #define HAVE_GETRUSAGE 1
| /* end confdefs.h.  */
| /* Define sqrt to an innocuous variant, in case <limits.h> declares sqrt.
|    For example, HP-UX 11i <limits.h> declares gettimeofday.  */
| #define sqrt innocuous_sqrt
| 
| /* System header to define __stub macros and hopefully few prototypes,
|     which can conflict with char sqrt (); below.
|     Prefer <limits.h> to <assert.h> if __STDC__ is defined, since
|     <limits.h> exists even on freestanding compilers.  */
| 
| #ifdef __STDC__
| # include <limits.h>
| #else
| # include <assert.h>
| #endif
| 
| #undef sqrt
| 
| /* Override any GCC internal prototype to avoid an error.
|    Use char because int might match the return type of a GCC
|    builtin and then its argument prototype would still apply.  */
| #ifdef __cplusplus
| extern "C"
| #endif
| char sqrt ();
| /* The GNU C library defines this for functions which it implements
|     to always fail with ENOSYS.  Some functions are actually named
|     something starting with __ and the normal name is an alias.  */
| #if defined __stub_sqrt || defined __stub___sqrt
| choke me
| #endif
| 
| int
| main ()
| {
| return sqrt ();
|   ;
|   return 0;
| }
configure:5310: result: no
configure:5310: checking for strncasecmp
configure:5310: gcc -o conftest -g -O2   conftest.c  >&5
conftest.c:55:6: warning: conflicting types for built-in function 'strncasecmp' [enabled by default]
 char strncasecmp ();
      ^
configure:5310: $? = 0
configure:5310: result: yes
configure:5454: checking for C++ compiler version
configure:5463: g++ --version >&5
g++ (Ubuntu 4.8.4-2ubuntu1~14.04) 4.8.4
Copyright (C) 2013 Free Software Foundation, Inc.
This is free software; see the source for copying conditions.  There is NO
warranty; not even for MERCHANTABILITY or FITNESS FOR A PARTICULAR PURPOSE.

configure:5474: $? = 0
configure:5463: g++ -v >&5
Using built-in specs.
COLLECT_GCC=g++
COLLECT_LTO_WRAPPER=/usr/lib/gcc/x86_64-linux-gnu/4.8/lto-wrapper
Target: x86_64-linux-gnu
Configured with: ../src/configure -v --with-pkgversion='Ubuntu 4.8.4-2ubuntu1~14.04' --with-bugurl=file:///usr/share/doc/gcc-4.8/README.Bugs --enable-languages=c,c++,java,go,d,fortran,objc,obj-c++ --prefix=/usr --program-suffix=-4.8 --enable-shared --enable-linker-build-id --libexecdir=/usr/lib --without-included-gettext --enable-threads=posix --with-gxx-include-dir=/usr/include/c++/4.8 --libdir=/usr/lib --enable-nls --with-sysroot=/ --enable-clocale=gnu --enable-libstdcxx-debug --enable-libstdcxx-time=yes --enable-gnu-unique-object --disable-libmudflap --enable-plugin --with-system-zlib --disable-browser-plugin --enable-java-awt=gtk --enable-gtk-cairo --with-java-home=/usr/lib/jvm/java-1.5.0-gcj-4.8-amd64/jre --enable-java-home --with-jvm-root-dir=/usr/lib/jvm/java-1.5.0-gcj-4.8-amd64 --with-jvm-jar-dir=/usr/lib/jvm-exports/java-1.5.0-gcj-4.8-amd64 --with-arch-directory=amd64 --with-ecj-jar=/usr/share/java/eclipse-ecj.jar --enable-objc-gc --enable-multiarch --disable-werror --with-arch-32=i686 --with-abi=m64 --with-multilib-list=m32,m64,mx32 --with-tune=generic --enable-checking=release --build=x86_64-linux-gnu --host=x86_64-linux-gnu --target=x86_64-linux-gnu
Thread model: posix
gcc version 4.8.4 (Ubuntu 4.8.4-2ubuntu1~14.04) 
configure:5474: $? = 0
configure:5463: g++ -V >&5
g++: error: unrecognized command line option '-V'
g++: fatal error: no input files
compilation terminated.
configure:5474: $? = 4
configure:5463: g++ -qversion >&5
g++: error: unrecognized command line option '-qversion'
g++: fatal error: no input files
compilation terminated.
configure:5474: $? = 4
configure:5478: checking whether we are using the GNU C++ compiler
configure:5506: result: yes
configure:5515: checking whether g++ accepts -g
configure:5576: result: yes
configure:5601: checking dependency style of g++
configure:5712: result: gcc3
configure:5736: checking for g++ option to support OpenMP
configure:5751: g++ -o conftest    conftest.cpp  >&5
conftest.cpp:35:2: error: 'choke' does not name a type
  choke me
  ^
In file included from conftest.cpp:37:0:
/usr/lib/gcc/x86_64-linux-gnu/4.8/include/omp.h:38:3: error: 'omp_lock_t' does not name a type
 } omp_lock_t;
   ^
/usr/lib/gcc/x86_64-linux-gnu/4.8/include/omp.h:81:28: error: variable or field 'omp_init_lock' declared void
 extern void omp_init_lock (omp_lock_t *) __GOMP_NOTHROW;
                            ^
/usr/lib/gcc/x86_64-linux-gnu/4.8/include/omp.h:81:28: error: 'omp_lock_t' was not declared in this scope
/usr/lib/gcc/x86_64-linux-gnu/4.8/include/omp.h:81:40: error: expected primary-expression before ')' token
 extern void omp_init_lock (omp_lock_t *) __GOMP_NOTHROW;
                                        ^
/usr/lib/gcc/x86_64-linux-gnu/4.8/include/omp.h:82:31: error: variable or field 'omp_destroy_lock' declared void
 extern void omp_destroy_lock (omp_lock_t *) __GOMP_NOTHROW;
                               ^
/usr/lib/gcc/x86_64-linux-gnu/4.8/include/omp.h:82:31: error: 'omp_lock_t' was not declared in this scope
/usr/lib/gcc/x86_64-linux-gnu/4.8/include/omp.h:82:43: error: expected primary-expression before ')' token
 extern void omp_destroy_lock (omp_lock_t *) __GOMP_NOTHROW;
                                           ^
/usr/lib/gcc/x86_64-linux-gnu/4.8/include/omp.h:83:27: error: variable or field 'omp_set_lock' declared void
 extern void omp_set_lock (omp_lock_t *) __GOMP_NOTHROW;
                           ^
/usr/lib/gcc/x86_64-linux-gnu/4.8/include/omp.h:83:27: error: 'omp_lock_t' was not declared in this scope
/usr/lib/gcc/x86_64-linux-gnu/4.8/include/omp.h:83:39: error: expected primary-expression before ')' token
 extern void omp_set_lock (omp_lock_t *) __GOMP_NOTHROW;
                                       ^
/usr/lib/gcc/x86_64-linux-gnu/4.8/include/omp.h:84:29: error: variable or field 'omp_unset_lock' declared void
 extern void omp_unset_lock (omp_lock_t *) __GOMP_NOTHROW;
                             ^
/usr/lib/gcc/x86_64-linux-gnu/4.8/include/omp.h:84:29: error: 'omp_lock_t' was not declared in this scope
/usr/lib/gcc/x86_64-linux-gnu/4.8/include/omp.h:84:41: error: expected primary-expression before ')' token
 extern void omp_unset_lock (omp_lock_t *) __GOMP_NOTHROW;
                                         ^
/usr/lib/gcc/x86_64-linux-gnu/4.8/include/omp.h:85:27: error: 'omp_lock_t' was not declared in this scope
 extern int omp_test_lock (omp_lock_t *) __GOMP_NOTHROW;
                           ^
/usr/lib/gcc/x86_64-linux-gnu/4.8/include/omp.h:85:39: error: expected primary-expression before ')' token
 extern int omp_test_lock (omp_lock_t *) __GOMP_NOTHROW;
                                       ^
/usr/lib/gcc/x86_64-linux-gnu/4.8/include/omp.h:85:41: error: expected ',' or ';' before 'throw'
 extern int omp_test_lock (omp_lock_t *) __GOMP_NOTHROW;
                                         ^
configure:5751: $? = 1
configure: failed program was:
| /* confdefs.h */
| #define PACKAGE_NAME "autodock"
| #define PACKAGE_TARNAME "autodock"
| #define PACKAGE_VERSION "4.2.6"
| #define PACKAGE_STRING "autodock 4.2.6"
| #define PACKAGE_BUGREPORT "autodock@scripps.edu"
| #define PACKAGE_URL ""
| #define PACKAGE "autodock"
| #define VERSION "4.2.6"
| #define STDC_HEADERS 1
| #define HAVE_SYS_TYPES_H 1
| #define HAVE_SYS_STAT_H 1
| #define HAVE_STDLIB_H 1
| #define HAVE_STRING_H 1
| #define HAVE_MEMORY_H 1
| #define HAVE_STRINGS_H 1
| #define HAVE_INTTYPES_H 1
| #define HAVE_STDINT_H 1
| #define HAVE_UNISTD_H 1
| #define HAVE__BOOL 1
| #define HAVE_STDBOOL_H 1
| #define HAVE_STDLIB_H 1
| #define HAVE_MALLOC 1
| #define HAVE_GETHOSTNAME 1
| #define HAVE_GETPID 1
| #define HAVE_FCHMOD 1
| #define HAVE_SETLINEBUF 1
| #define HAVE_SYSCONF 1
| #define HAVE_TIMES 1
| #define HAVE_GETRUSAGE 1
| #define HAVE_STRNCASECMP 1
| /* end confdefs.h.  */
| 
| #ifndef _OPENMP
|  choke me
| #endif
| #include <omp.h>
| int main () { return omp_get_num_threads (); }
| 
configure:5769: g++ -o conftest  -fopenmp   conftest.cpp  >&5
configure:5769: $? = 0
configure:5783: result: -fopenmp
configure:5957: checking that generated files are newer than configure
configure:5963: result: done
configure:6002: creating ./config.status

## ---------------------- ##
## Running config.status. ##
## ---------------------- ##

This file was extended by autodock config.status 4.2.6, which was
generated by GNU Autoconf 2.69.  Invocation command line was

  CONFIG_FILES    = 
  CONFIG_HEADERS  = 
  CONFIG_LINKS    = 
  CONFIG_COMMANDS = 
  $ ./config.status 

on eddie

config.status:798: creating Makefile
config.status:970: executing depfiles commands

## ---------------- ##
## Cache variables. ##
## ---------------- ##

ac_cv_build=x86_64-unknown-linux-gnu
ac_cv_c_compiler_gnu=yes
ac_cv_c_const=yes
ac_cv_c_inline=inline
ac_cv_cxx_compiler_gnu=yes
ac_cv_env_CCC_set=
ac_cv_env_CCC_value=
ac_cv_env_CC_set=
ac_cv_env_CC_value=
ac_cv_env_CFLAGS_set=
ac_cv_env_CFLAGS_value=
ac_cv_env_CPPFLAGS_set=
ac_cv_env_CPPFLAGS_value=
ac_cv_env_CPP_set=
ac_cv_env_CPP_value=
ac_cv_env_CXXFLAGS_set=
ac_cv_env_CXXFLAGS_value=
ac_cv_env_CXX_set=
ac_cv_env_CXX_value=
ac_cv_env_LDFLAGS_set=
ac_cv_env_LDFLAGS_value=
ac_cv_env_LIBS_set=
ac_cv_env_LIBS_value=
ac_cv_env_build_alias_set=
ac_cv_env_build_alias_value=
ac_cv_env_host_alias_set=
ac_cv_env_host_alias_value=
ac_cv_env_target_alias_set=
ac_cv_env_target_alias_value=
ac_cv_func_GetProcessId=no
ac_cv_func_fchmod=yes
ac_cv_func_gethostname=yes
ac_cv_func_getpid=yes
ac_cv_func_getrusage=yes
ac_cv_func_malloc_0_nonnull=yes
ac_cv_func_pow=no
ac_cv_func_setlinebuf=yes
ac_cv_func_sqrt=no
ac_cv_func_strncasecmp=yes
ac_cv_func_sysconf=yes
ac_cv_func_times=yes
ac_cv_header_inttypes_h=yes
ac_cv_header_memory_h=yes
ac_cv_header_stdbool_h=yes
ac_cv_header_stdc=yes
ac_cv_header_stdint_h=yes
ac_cv_header_stdlib_h=yes
ac_cv_header_string_h=yes
ac_cv_header_strings_h=yes
ac_cv_header_sys_stat_h=yes
ac_cv_header_sys_types_h=yes
ac_cv_header_unistd_h=yes
ac_cv_host=x86_64-unknown-linux-gnu
ac_cv_objext=o
ac_cv_path_EGREP='/bin/grep -E'
ac_cv_path_GREP=/bin/grep
ac_cv_path_install='/usr/bin/install -c'
ac_cv_path_mkdir=/bin/mkdir
ac_cv_prog_AWK=mawk
ac_cv_prog_CPP='gcc -E'
ac_cv_prog_ac_ct_CC=gcc
ac_cv_prog_ac_ct_CXX=g++
ac_cv_prog_ac_ct_RANLIB=ranlib
ac_cv_prog_cc_c89=
ac_cv_prog_cc_g=yes
ac_cv_prog_cxx_g=yes
ac_cv_prog_cxx_openmp=-fopenmp
ac_cv_prog_make_make_set=yes
ac_cv_struct_tm=time.h
ac_cv_type__Bool=yes
ac_cv_type_size_t=yes
am_cv_CC_dependencies_compiler_type=gcc3
am_cv_CXX_dependencies_compiler_type=gcc3
am_cv_make_support_nested_variables=yes
am_cv_prog_cc_c_o=yes

## ----------------- ##
## Output variables. ##
## ----------------- ##

ACLOCAL='aclocal-1.14'
AMDEPBACKSLASH='\'
AMDEP_FALSE='#'
AMDEP_TRUE=''
AMTAR='$${TAR-tar}'
AM_BACKSLASH='\'
AM_DEFAULT_V='$(AM_DEFAULT_VERBOSITY)'
AM_DEFAULT_VERBOSITY='1'
AM_V='$(V)'
AUTOCONF='autoconf'
AUTOHEADER='autoheader'
AUTOMAKE='automake-1.14'
AWK='mawk'
CC='gcc'
CCDEPMODE='depmode=gcc3'
CFLAGS='-g -O2'
CPP='gcc -E'
CPPFLAGS=''
CXX='g++'
CXXDEPMODE='depmode=gcc3'
CXXFLAGS=''
CYGPATH_W='echo'
DEFS='-DPACKAGE_NAME=\"autodock\" -DPACKAGE_TARNAME=\"autodock\" -DPACKAGE_VERSION=\"4.2.6\" -DPACKAGE_STRING=\"autodock\ 4.2.6\" -DPACKAGE_BUGREPORT=\"autodock@scripps.edu\" -DPACKAGE_URL=\"\" -DPACKAGE=\"autodock\" -DVERSION=\"4.2.6\" -DSTDC_HEADERS=1 -DHAVE_SYS_TYPES_H=1 -DHAVE_SYS_STAT_H=1 -DHAVE_STDLIB_H=1 -DHAVE_STRING_H=1 -DHAVE_MEMORY_H=1 -DHAVE_STRINGS_H=1 -DHAVE_INTTYPES_H=1 -DHAVE_STDINT_H=1 -DHAVE_UNISTD_H=1 -DHAVE__BOOL=1 -DHAVE_STDBOOL_H=1 -DHAVE_STDLIB_H=1 -DHAVE_MALLOC=1 -DHAVE_GETHOSTNAME=1 -DHAVE_GETPID=1 -DHAVE_FCHMOD=1 -DHAVE_SETLINEBUF=1 -DHAVE_SYSCONF=1 -DHAVE_TIMES=1 -DHAVE_GETRUSAGE=1 -DHAVE_STRNCASECMP=1'
DEPDIR='.deps'
ECHO_C=''
ECHO_N='-n'
ECHO_T=''
EGREP='/bin/grep -E'
EXEEXT=''
GREP='/bin/grep'
INSTALL_DATA='${INSTALL} -m 644'
INSTALL_PROGRAM='${INSTALL}'
INSTALL_SCRIPT='${INSTALL}'
INSTALL_STRIP_PROGRAM='$(install_sh) -c -s'
LDFLAGS=''
LIBOBJS=''
LIBS=''
LTLIBOBJS=''
MAKEINFO='makeinfo'
MKDIR_P='/bin/mkdir -p'
OBJEXT='o'
OPENMP_CXXFLAGS='-fopenmp'
PACKAGE='autodock'
PACKAGE_BUGREPORT='autodock@scripps.edu'
PACKAGE_NAME='autodock'
PACKAGE_STRING='autodock 4.2.6'
PACKAGE_TARNAME='autodock'
PACKAGE_URL=''
PACKAGE_VERSION='4.2.6'
PATH_SEPARATOR=':'
RANLIB='ranlib'
SET_MAKE=''
SHELL='/bin/bash'
STRIP=''
VERSION='4.2.6'
WANT_BIGSTACK_FALSE=''
WANT_BIGSTACK_TRUE='#'
WANT_OMP_FALSE='#'
WANT_OMP_TRUE=''
ac_ct_CC='gcc'
ac_ct_CXX='g++'
am__EXEEXT_FALSE=''
am__EXEEXT_TRUE='#'
am__fastdepCC_FALSE='#'
am__fastdepCC_TRUE=''
am__fastdepCXX_FALSE='#'
am__fastdepCXX_TRUE=''
am__include='include'
am__isrc=''
am__leading_dot='.'
am__nodep='_no'
am__quote=''
am__tar='$${TAR-tar} chof - "$$tardir"'
am__untar='$${TAR-tar} xf -'
bindir='${exec_prefix}/bin'
build='x86_64-unknown-linux-gnu'
build_alias=''
build_cpu='x86_64'
build_os='linux-gnu'
build_vendor='unknown'
datadir='${datarootdir}'
datarootdir='${prefix}/share'
docdir='${datarootdir}/doc/${PACKAGE_TARNAME}'
dvidir='${docdir}'
exec_prefix='${prefix}'
host='x86_64-unknown-linux-gnu'
host_alias=''
host_cpu='x86_64'
host_os='linux-gnu'
host_vendor='unknown'
htmldir='${docdir}'
includedir='${prefix}/include'
infodir='${datarootdir}/info'
install_sh='${SHELL} /home/cpmode/Dropbox/glyco-division/programas/autogrid_dock_src/autodock/install-sh'
libdir='${exec_prefix}/lib'
libexecdir='${exec_prefix}/libexec'
localedir='${datarootdir}/locale'
localstatedir='${prefix}/var'
mandir='${datarootdir}/man'
mkdir_p='$(MKDIR_P)'
oldincludedir='/usr/include'
pdfdir='${docdir}'
prefix='/usr/local'
program_transform_name='s,x,x,'
psdir='${docdir}'
sbindir='${exec_prefix}/sbin'
sharedstatedir='${prefix}/com'
sysconfdir='${prefix}/etc'
target_alias=''

## ----------- ##
## confdefs.h. ##
## ----------- ##

/* confdefs.h */
#define PACKAGE_NAME "autodock"
#define PACKAGE_TARNAME "autodock"
#define PACKAGE_VERSION "4.2.6"
#define PACKAGE_STRING "autodock 4.2.6"
#define PACKAGE_BUGREPORT "autodock@scripps.edu"
#define PACKAGE_URL ""
#define PACKAGE "autodock"
#define VERSION "4.2.6"
#define STDC_HEADERS 1
#define HAVE_SYS_TYPES_H 1
#define HAVE_SYS_STAT_H 1
#define HAVE_STDLIB_H 1
#define HAVE_STRING_H 1
#define HAVE_MEMORY_H 1
#define HAVE_STRINGS_H 1
#define HAVE_INTTYPES_H 1
#define HAVE_STDINT_H 1
#define HAVE_UNISTD_H 1
#define HAVE__BOOL 1
#define HAVE_STDBOOL_H 1
#define HAVE_STDLIB_H 1
#define HAVE_MALLOC 1
#define HAVE_GETHOSTNAME 1
#define HAVE_GETPID 1
#define HAVE_FCHMOD 1
#define HAVE_SETLINEBUF 1
#define HAVE_SYSCONF 1
#define HAVE_TIMES 1
#define HAVE_GETRUSAGE 1
#define HAVE_STRNCASECMP 1

configure: exit 0
