This file contains any messages produced by compilers while
running configure, to aid debugging if configure makes a mistake.

It was created by autogrid configure 4.2.6, which was
generated by GNU Autoconf 2.69.  Invocation command line was

  $ ./configure 

## --------- ##
## Platform. ##
## --------- ##

hostname = esteban-desktop
uname -m = x86_64
uname -r = 3.16.0-38-generic
uname -s = Linux
uname -v = #52~14.04.1-Ubuntu SMP Fri May 8 09:43:57 UTC 2015

/usr/bin/uname -p = unknown
/bin/uname -X     = unknown

/bin/arch              = unknown
/usr/bin/arch -k       = unknown
/usr/convex/getsysinfo = unknown
/usr/bin/hostinfo      = unknown
/bin/machine           = unknown
/usr/bin/oslevel       = unknown
/bin/universe          = unknown

PATH: /usr/local/sbin
PATH: /usr/local/bin
PATH: /usr/sbin
PATH: /usr/bin
PATH: /sbin
PATH: /bin
PATH: /usr/games
PATH: /usr/local/games


## ----------- ##
## Core tests. ##
## ----------- ##

configure:2312: checking for a BSD-compatible install
configure:2380: result: /usr/bin/install -c
configure:2391: checking whether build environment is sane
configure:2446: result: yes
configure:2484: WARNING: 'missing' script is too old or missing
configure:2597: checking for a thread-safe mkdir -p
configure:2636: result: /bin/mkdir -p
configure:2643: checking for gawk
configure:2659: found /usr/bin/gawk
configure:2670: result: gawk
configure:2681: checking whether make sets $(MAKE)
configure:2703: result: yes
configure:2732: checking whether make supports nested variables
configure:2749: result: yes
configure:2934: checking for g++
configure:2950: found /usr/bin/g++
configure:2961: result: g++
configure:2988: checking for C++ compiler version
configure:2997: g++ --version >&5
g++ (Ubuntu 4.8.4-2ubuntu1~14.04.1) 4.8.4
Copyright (C) 2013 Free Software Foundation, Inc.
This is free software; see the source for copying conditions.  There is NO
warranty; not even for MERCHANTABILITY or FITNESS FOR A PARTICULAR PURPOSE.

configure:3008: $? = 0
configure:2997: g++ -v >&5
Using built-in specs.
COLLECT_GCC=g++
COLLECT_LTO_WRAPPER=/usr/lib/gcc/x86_64-linux-gnu/4.8/lto-wrapper
Target: x86_64-linux-gnu
Configured with: ../src/configure -v --with-pkgversion='Ubuntu 4.8.4-2ubuntu1~14.04.1' --with-bugurl=file:///usr/share/doc/gcc-4.8/README.Bugs --enable-languages=c,c++,java,go,d,fortran,objc,obj-c++ --prefix=/usr --program-suffix=-4.8 --enable-shared --enable-linker-build-id --libexecdir=/usr/lib --without-included-gettext --enable-threads=posix --with-gxx-include-dir=/usr/include/c++/4.8 --libdir=/usr/lib --enable-nls --with-sysroot=/ --enable-clocale=gnu --enable-libstdcxx-debug --enable-libstdcxx-time=yes --enable-gnu-unique-object --disable-libmudflap --enable-plugin --with-system-zlib --disable-browser-plugin --enable-java-awt=gtk --enable-gtk-cairo --with-java-home=/usr/lib/jvm/java-1.5.0-gcj-4.8-amd64/jre --enable-java-home --with-jvm-root-dir=/usr/lib/jvm/java-1.5.0-gcj-4.8-amd64 --with-jvm-jar-dir=/usr/lib/jvm-exports/java-1.5.0-gcj-4.8-amd64 --with-arch-directory=amd64 --with-ecj-jar=/usr/share/java/eclipse-ecj.jar --enable-objc-gc --enable-multiarch --disable-werror --with-arch-32=i686 --with-abi=m64 --with-multilib-list=m32,m64,mx32 --with-tune=generic --enable-checking=release --build=x86_64-linux-gnu --host=x86_64-linux-gnu --target=x86_64-linux-gnu
Thread model: posix
gcc version 4.8.4 (Ubuntu 4.8.4-2ubuntu1~14.04.1) 
configure:3008: $? = 0
configure:2997: g++ -V >&5
g++: error: unrecognized command line option '-V'
g++: fatal error: no input files
compilation terminated.
configure:3008: $? = 4
configure:2997: g++ -qversion >&5
g++: error: unrecognized command line option '-qversion'
g++: fatal error: no input files
compilation terminated.
configure:3008: $? = 4
configure:3028: checking whether the C++ compiler works
configure:3050: g++    conftest.cpp  >&5
configure:3054: $? = 0
configure:3102: result: yes
configure:3105: checking for C++ compiler default output file name
configure:3107: result: a.out
configure:3113: checking for suffix of executables
configure:3120: g++ -o conftest    conftest.cpp  >&5
configure:3124: $? = 0
configure:3146: result: 
configure:3168: checking whether we are cross compiling
configure:3176: g++ -o conftest    conftest.cpp  >&5
configure:3180: $? = 0
configure:3187: ./conftest
configure:3191: $? = 0
configure:3206: result: no
configure:3211: checking for suffix of object files
configure:3233: g++ -c   conftest.cpp >&5
configure:3237: $? = 0
configure:3258: result: o
configure:3262: checking whether we are using the GNU C++ compiler
configure:3281: g++ -c   conftest.cpp >&5
configure:3281: $? = 0
configure:3290: result: yes
configure:3299: checking whether g++ accepts -g
configure:3319: g++ -c -g  conftest.cpp >&5
configure:3319: $? = 0
configure:3360: result: yes
configure:3394: checking for style of include used by make
configure:3422: result: GNU
configure:3448: checking dependency style of g++
configure:3559: result: gcc3
configure:3579: checking build system type
configure:3593: result: x86_64-unknown-linux-gnu
configure:3613: checking host system type
configure:3626: result: x86_64-unknown-linux-gnu
configure:3696: checking for gcc
configure:3712: found /usr/bin/gcc
configure:3723: result: gcc
configure:3952: checking for C compiler version
configure:3961: gcc --version >&5
gcc (Ubuntu 4.8.4-2ubuntu1~14.04.1) 4.8.4
Copyright (C) 2013 Free Software Foundation, Inc.
This is free software; see the source for copying conditions.  There is NO
warranty; not even for MERCHANTABILITY or FITNESS FOR A PARTICULAR PURPOSE.

configure:3972: $? = 0
configure:3961: gcc -v >&5
Using built-in specs.
COLLECT_GCC=gcc
COLLECT_LTO_WRAPPER=/usr/lib/gcc/x86_64-linux-gnu/4.8/lto-wrapper
Target: x86_64-linux-gnu
Configured with: ../src/configure -v --with-pkgversion='Ubuntu 4.8.4-2ubuntu1~14.04.1' --with-bugurl=file:///usr/share/doc/gcc-4.8/README.Bugs --enable-languages=c,c++,java,go,d,fortran,objc,obj-c++ --prefix=/usr --program-suffix=-4.8 --enable-shared --enable-linker-build-id --libexecdir=/usr/lib --without-included-gettext --enable-threads=posix --with-gxx-include-dir=/usr/include/c++/4.8 --libdir=/usr/lib --enable-nls --with-sysroot=/ --enable-clocale=gnu --enable-libstdcxx-debug --enable-libstdcxx-time=yes --enable-gnu-unique-object --disable-libmudflap --enable-plugin --with-system-zlib --disable-browser-plugin --enable-java-awt=gtk --enable-gtk-cairo --with-java-home=/usr/lib/jvm/java-1.5.0-gcj-4.8-amd64/jre --enable-java-home --with-jvm-root-dir=/usr/lib/jvm/java-1.5.0-gcj-4.8-amd64 --with-jvm-jar-dir=/usr/lib/jvm-exports/java-1.5.0-gcj-4.8-amd64 --with-arch-directory=amd64 --with-ecj-jar=/usr/share/java/eclipse-ecj.jar --enable-objc-gc --enable-multiarch --disable-werror --with-arch-32=i686 --with-abi=m64 --with-multilib-list=m32,m64,mx32 --with-tune=generic --enable-checking=release --build=x86_64-linux-gnu --host=x86_64-linux-gnu --target=x86_64-linux-gnu
Thread model: posix
gcc version 4.8.4 (Ubuntu 4.8.4-2ubuntu1~14.04.1) 
configure:3972: $? = 0
configure:3961: gcc -V >&5
gcc: error: unrecognized command line option '-V'
gcc: fatal error: no input files
compilation terminated.
configure:3972: $? = 4
configure:3961: gcc -qversion >&5
gcc: error: unrecognized command line option '-qversion'
gcc: fatal error: no input files
compilation terminated.
configure:3972: $? = 4
configure:3976: checking whether we are using the GNU C compiler
configure:3995: gcc -c   conftest.c >&5
configure:3995: $? = 0
configure:4004: result: yes
configure:4013: checking whether gcc accepts -g
configure:4033: gcc -c -g  conftest.c >&5
configure:4033: $? = 0
configure:4074: result: yes
configure:4091: checking for gcc option to accept ISO C89
configure:4154: gcc  -c -g -O2  conftest.c >&5
configure:4154: $? = 0
configure:4167: result: none needed
configure:4192: checking whether gcc understands -c and -o together
configure:4214: gcc -c conftest.c -o conftest2.o
configure:4217: $? = 0
configure:4214: gcc -c conftest.c -o conftest2.o
configure:4217: $? = 0
configure:4229: result: yes
configure:4248: checking dependency style of gcc
configure:4359: result: gcc3
configure:4375: checking for sqrt in -lm
configure:4400: gcc -o conftest -g -O2   conftest.c -lm   >&5
conftest.c:18:6: warning: conflicting types for built-in function 'sqrt' [enabled by default]
 char sqrt ();
      ^
configure:4400: $? = 0
configure:4409: result: yes
configure:4427: checking how to run the C preprocessor
configure:4458: gcc -E  conftest.c
configure:4458: $? = 0
configure:4472: gcc -E  conftest.c
conftest.c:12:28: fatal error: ac_nonexistent.h: No such file or directory
 #include <ac_nonexistent.h>
                            ^
compilation terminated.
configure:4472: $? = 1
configure: failed program was:
| /* confdefs.h */
| #define PACKAGE_NAME "autogrid"
| #define PACKAGE_TARNAME "autogrid"
| #define PACKAGE_VERSION "4.2.6"
| #define PACKAGE_STRING "autogrid 4.2.6"
| #define PACKAGE_BUGREPORT "autodock@scripps.edu"
| #define PACKAGE_URL ""
| #define PACKAGE "autogrid"
| #define VERSION "4.2.6"
| #define HAVE_LIBM 1
| /* end confdefs.h.  */
| #include <ac_nonexistent.h>
configure:4497: result: gcc -E
configure:4517: gcc -E  conftest.c
configure:4517: $? = 0
configure:4531: gcc -E  conftest.c
conftest.c:12:28: fatal error: ac_nonexistent.h: No such file or directory
 #include <ac_nonexistent.h>
                            ^
compilation terminated.
configure:4531: $? = 1
configure: failed program was:
| /* confdefs.h */
| #define PACKAGE_NAME "autogrid"
| #define PACKAGE_TARNAME "autogrid"
| #define PACKAGE_VERSION "4.2.6"
| #define PACKAGE_STRING "autogrid 4.2.6"
| #define PACKAGE_BUGREPORT "autodock@scripps.edu"
| #define PACKAGE_URL ""
| #define PACKAGE "autogrid"
| #define VERSION "4.2.6"
| #define HAVE_LIBM 1
| /* end confdefs.h.  */
| #include <ac_nonexistent.h>
configure:4560: checking for grep that handles long lines and -e
configure:4618: result: /bin/grep
configure:4623: checking for egrep
configure:4685: result: /bin/grep -E
configure:4690: checking for ANSI C header files
configure:4710: gcc -c -g -O2  conftest.c >&5
configure:4710: $? = 0
configure:4783: gcc -o conftest -g -O2   conftest.c -lm  >&5
configure:4783: $? = 0
configure:4783: ./conftest
configure:4783: $? = 0
configure:4794: result: yes
configure:4810: checking for sys/types.h
configure:4810: gcc -c -g -O2  conftest.c >&5
configure:4810: $? = 0
configure:4810: result: yes
configure:4810: checking for sys/stat.h
configure:4810: gcc -c -g -O2  conftest.c >&5
configure:4810: $? = 0
configure:4810: result: yes
configure:4810: checking for stdlib.h
configure:4810: gcc -c -g -O2  conftest.c >&5
configure:4810: $? = 0
configure:4810: result: yes
configure:4810: checking for string.h
configure:4810: gcc -c -g -O2  conftest.c >&5
configure:4810: $? = 0
configure:4810: result: yes
configure:4810: checking for memory.h
configure:4810: gcc -c -g -O2  conftest.c >&5
configure:4810: $? = 0
configure:4810: result: yes
configure:4810: checking for strings.h
configure:4810: gcc -c -g -O2  conftest.c >&5
configure:4810: $? = 0
configure:4810: result: yes
configure:4810: checking for inttypes.h
configure:4810: gcc -c -g -O2  conftest.c >&5
configure:4810: $? = 0
configure:4810: result: yes
configure:4810: checking for stdint.h
configure:4810: gcc -c -g -O2  conftest.c >&5
configure:4810: $? = 0
configure:4810: result: yes
configure:4810: checking for unistd.h
configure:4810: gcc -c -g -O2  conftest.c >&5
configure:4810: $? = 0
configure:4810: result: yes
configure:4822: checking for stdbool.h that conforms to C99
configure:4889: gcc -c -g -O2  conftest.c >&5
configure:4889: $? = 0
configure:4896: result: yes
configure:4898: checking for _Bool
configure:4898: gcc -c -g -O2  conftest.c >&5
configure:4898: $? = 0
configure:4898: gcc -c -g -O2  conftest.c >&5
conftest.c: In function 'main':
conftest.c:58:20: error: expected expression before ')' token
 if (sizeof ((_Bool)))
                    ^
configure:4898: $? = 1
configure: failed program was:
| /* confdefs.h */
| #define PACKAGE_NAME "autogrid"
| #define PACKAGE_TARNAME "autogrid"
| #define PACKAGE_VERSION "4.2.6"
| #define PACKAGE_STRING "autogrid 4.2.6"
| #define PACKAGE_BUGREPORT "autodock@scripps.edu"
| #define PACKAGE_URL ""
| #define PACKAGE "autogrid"
| #define VERSION "4.2.6"
| #define HAVE_LIBM 1
| #define STDC_HEADERS 1
| #define HAVE_SYS_TYPES_H 1
| #define HAVE_SYS_STAT_H 1
| #define HAVE_STDLIB_H 1
| #define HAVE_STRING_H 1
| #define HAVE_MEMORY_H 1
| #define HAVE_STRINGS_H 1
| #define HAVE_INTTYPES_H 1
| #define HAVE_STDINT_H 1
| #define HAVE_UNISTD_H 1
| /* end confdefs.h.  */
| #include <stdio.h>
| #ifdef HAVE_SYS_TYPES_H
| # include <sys/types.h>
| #endif
| #ifdef HAVE_SYS_STAT_H
| # include <sys/stat.h>
| #endif
| #ifdef STDC_HEADERS
| # include <stdlib.h>
| # include <stddef.h>
| #else
| # ifdef HAVE_STDLIB_H
| #  include <stdlib.h>
| # endif
| #endif
| #ifdef HAVE_STRING_H
| # if !defined STDC_HEADERS && defined HAVE_MEMORY_H
| #  include <memory.h>
| # endif
| # include <string.h>
| #endif
| #ifdef HAVE_STRINGS_H
| # include <strings.h>
| #endif
| #ifdef HAVE_INTTYPES_H
| # include <inttypes.h>
| #endif
| #ifdef HAVE_STDINT_H
| # include <stdint.h>
| #endif
| #ifdef HAVE_UNISTD_H
| # include <unistd.h>
| #endif
| int
| main ()
| {
| if (sizeof ((_Bool)))
| 	    return 0;
|   ;
|   return 0;
| }
configure:4898: result: yes
configure:4915: checking for an ANSI C-conforming const
configure:4981: gcc -c -g -O2  conftest.c >&5
configure:4981: $? = 0
configure:4988: result: yes
configure:4996: checking whether struct tm is in sys/time.h or time.h
configure:5016: gcc -c -g -O2  conftest.c >&5
configure:5016: $? = 0
configure:5023: result: time.h
configure:5035: checking for stdlib.h
configure:5035: result: yes
configure:5045: checking for GNU libc compatible malloc
configure:5069: gcc -o conftest -g -O2   conftest.c -lm  >&5
configure:5069: $? = 0
configure:5069: ./conftest
configure:5069: $? = 0
configure:5079: result: yes
configure:5104: checking for gethostname
configure:5104: gcc -o conftest -g -O2   conftest.c -lm  >&5
configure:5104: $? = 0
configure:5104: result: yes
configure:5104: checking for getpid
configure:5104: gcc -o conftest -g -O2   conftest.c -lm  >&5
configure:5104: $? = 0
configure:5104: result: yes
configure:5104: checking for GetProcessId
configure:5104: gcc -o conftest -g -O2   conftest.c -lm  >&5
/tmp/ccpbe623.o: In function `main':
/home/esteban/Dropbox/glyco-division/programas/autogrid_dock_src/autogrid/conftest.c:62: undefined reference to `GetProcessId'
collect2: error: ld returned 1 exit status
configure:5104: $? = 1
configure: failed program was:
| /* confdefs.h */
| #define PACKAGE_NAME "autogrid"
| #define PACKAGE_TARNAME "autogrid"
| #define PACKAGE_VERSION "4.2.6"
| #define PACKAGE_STRING "autogrid 4.2.6"
| #define PACKAGE_BUGREPORT "autodock@scripps.edu"
| #define PACKAGE_URL ""
| #define PACKAGE "autogrid"
| #define VERSION "4.2.6"
| #define HAVE_LIBM 1
| #define STDC_HEADERS 1
| #define HAVE_SYS_TYPES_H 1
| #define HAVE_SYS_STAT_H 1
| #define HAVE_STDLIB_H 1
| #define HAVE_STRING_H 1
| #define HAVE_MEMORY_H 1
| #define HAVE_STRINGS_H 1
| #define HAVE_INTTYPES_H 1
| #define HAVE_STDINT_H 1
| #define HAVE_UNISTD_H 1
| #define HAVE__BOOL 1
| #define HAVE_STDBOOL_H 1
| #define HAVE_STDLIB_H 1
| #define HAVE_MALLOC 1
| #define HAVE_GETHOSTNAME 1
| #define HAVE_GETPID 1
| /* end confdefs.h.  */
| /* Define GetProcessId to an innocuous variant, in case <limits.h> declares GetProcessId.
|    For example, HP-UX 11i <limits.h> declares gettimeofday.  */
| #define GetProcessId innocuous_GetProcessId
| 
| /* System header to define __stub macros and hopefully few prototypes,
|     which can conflict with char GetProcessId (); below.
|     Prefer <limits.h> to <assert.h> if __STDC__ is defined, since
|     <limits.h> exists even on freestanding compilers.  */
| 
| #ifdef __STDC__
| # include <limits.h>
| #else
| # include <assert.h>
| #endif
| 
| #undef GetProcessId
| 
| /* Override any GCC internal prototype to avoid an error.
|    Use char because int might match the return type of a GCC
|    builtin and then its argument prototype would still apply.  */
| #ifdef __cplusplus
| extern "C"
| #endif
| char GetProcessId ();
| /* The GNU C library defines this for functions which it implements
|     to always fail with ENOSYS.  Some functions are actually named
|     something starting with __ and the normal name is an alias.  */
| #if defined __stub_GetProcessId || defined __stub___GetProcessId
| choke me
| #endif
| 
| int
| main ()
| {
| return GetProcessId ();
|   ;
|   return 0;
| }
configure:5104: result: no
configure:5104: checking for fchmod
configure:5104: gcc -o conftest -g -O2   conftest.c -lm  >&5
configure:5104: $? = 0
configure:5104: result: yes
configure:5104: checking for setlinebuf
configure:5104: gcc -o conftest -g -O2   conftest.c -lm  >&5
configure:5104: $? = 0
configure:5104: result: yes
configure:5104: checking for sysconf
configure:5104: gcc -o conftest -g -O2   conftest.c -lm  >&5
configure:5104: $? = 0
configure:5104: result: yes
configure:5104: checking for times
configure:5104: gcc -o conftest -g -O2   conftest.c -lm  >&5
configure:5104: $? = 0
configure:5104: result: yes
configure:5104: checking for getrusage
configure:5104: gcc -o conftest -g -O2   conftest.c -lm  >&5
configure:5104: $? = 0
configure:5104: result: yes
configure:5104: checking for pow
configure:5104: gcc -o conftest -g -O2   conftest.c -lm  >&5
conftest.c:56:6: warning: conflicting types for built-in function 'pow' [enabled by default]
 char pow ();
      ^
configure:5104: $? = 0
configure:5104: result: yes
configure:5104: checking for sqrt
configure:5104: gcc -o conftest -g -O2   conftest.c -lm  >&5
conftest.c:57:6: warning: conflicting types for built-in function 'sqrt' [enabled by default]
 char sqrt ();
      ^
configure:5104: $? = 0
configure:5104: result: yes
configure:5104: checking for strncasecmp
configure:5104: gcc -o conftest -g -O2   conftest.c -lm  >&5
conftest.c:58:6: warning: conflicting types for built-in function 'strncasecmp' [enabled by default]
 char strncasecmp ();
      ^
configure:5104: $? = 0
configure:5104: result: yes
configure:5284: checking that generated files are newer than configure
configure:5290: result: done
configure:5321: creating ./config.status

## ---------------------- ##
## Running config.status. ##
## ---------------------- ##

This file was extended by autogrid config.status 4.2.6, which was
generated by GNU Autoconf 2.69.  Invocation command line was

  CONFIG_FILES    = 
  CONFIG_HEADERS  = 
  CONFIG_LINKS    = 
  CONFIG_COMMANDS = 
  $ ./config.status 

on esteban-desktop

config.status:794: creating Makefile
config.status:966: executing depfiles commands

## ---------------- ##
## Cache variables. ##
## ---------------- ##

ac_cv_build=x86_64-unknown-linux-gnu
ac_cv_c_compiler_gnu=yes
ac_cv_c_const=yes
ac_cv_cxx_compiler_gnu=yes
ac_cv_env_CCC_set=
ac_cv_env_CCC_value=
ac_cv_env_CC_set=
ac_cv_env_CC_value=
ac_cv_env_CFLAGS_set=
ac_cv_env_CFLAGS_value=
ac_cv_env_CPPFLAGS_set=
ac_cv_env_CPPFLAGS_value=
ac_cv_env_CPP_set=
ac_cv_env_CPP_value=
ac_cv_env_CXXFLAGS_set=
ac_cv_env_CXXFLAGS_value=
ac_cv_env_CXX_set=
ac_cv_env_CXX_value=
ac_cv_env_LDFLAGS_set=
ac_cv_env_LDFLAGS_value=
ac_cv_env_LIBS_set=
ac_cv_env_LIBS_value=
ac_cv_env_build_alias_set=
ac_cv_env_build_alias_value=
ac_cv_env_host_alias_set=
ac_cv_env_host_alias_value=
ac_cv_env_target_alias_set=
ac_cv_env_target_alias_value=
ac_cv_func_GetProcessId=no
ac_cv_func_fchmod=yes
ac_cv_func_gethostname=yes
ac_cv_func_getpid=yes
ac_cv_func_getrusage=yes
ac_cv_func_malloc_0_nonnull=yes
ac_cv_func_pow=yes
ac_cv_func_setlinebuf=yes
ac_cv_func_sqrt=yes
ac_cv_func_strncasecmp=yes
ac_cv_func_sysconf=yes
ac_cv_func_times=yes
ac_cv_header_inttypes_h=yes
ac_cv_header_memory_h=yes
ac_cv_header_stdbool_h=yes
ac_cv_header_stdc=yes
ac_cv_header_stdint_h=yes
ac_cv_header_stdlib_h=yes
ac_cv_header_string_h=yes
ac_cv_header_strings_h=yes
ac_cv_header_sys_stat_h=yes
ac_cv_header_sys_types_h=yes
ac_cv_header_unistd_h=yes
ac_cv_host=x86_64-unknown-linux-gnu
ac_cv_lib_m_sqrt=yes
ac_cv_objext=o
ac_cv_path_EGREP='/bin/grep -E'
ac_cv_path_GREP=/bin/grep
ac_cv_path_install='/usr/bin/install -c'
ac_cv_path_mkdir=/bin/mkdir
ac_cv_prog_AWK=gawk
ac_cv_prog_CPP='gcc -E'
ac_cv_prog_ac_ct_CC=gcc
ac_cv_prog_ac_ct_CXX=g++
ac_cv_prog_cc_c89=
ac_cv_prog_cc_g=yes
ac_cv_prog_cxx_g=yes
ac_cv_prog_make_make_set=yes
ac_cv_struct_tm=time.h
ac_cv_type__Bool=yes
am_cv_CC_dependencies_compiler_type=gcc3
am_cv_CXX_dependencies_compiler_type=gcc3
am_cv_make_support_nested_variables=yes
am_cv_prog_cc_c_o=yes

## ----------------- ##
## Output variables. ##
## ----------------- ##

ACLOCAL='aclocal-1.14'
AMDEPBACKSLASH='\'
AMDEP_FALSE='#'
AMDEP_TRUE=''
AMTAR='$${TAR-tar}'
AM_BACKSLASH='\'
AM_DEFAULT_V='$(AM_DEFAULT_VERBOSITY)'
AM_DEFAULT_VERBOSITY='1'
AM_V='$(V)'
AUTOCONF='autoconf'
AUTOHEADER='autoheader'
AUTOMAKE='automake-1.14'
AWK='gawk'
CC='gcc'
CCDEPMODE='depmode=gcc3'
CFLAGS='-g -O2'
CPP='gcc -E'
CPPFLAGS=''
CXX='g++'
CXXDEPMODE='depmode=gcc3'
CXXFLAGS='-g -O2'
CYGPATH_W='echo'
DEFS='-DPACKAGE_NAME=\"autogrid\" -DPACKAGE_TARNAME=\"autogrid\" -DPACKAGE_VERSION=\"4.2.6\" -DPACKAGE_STRING=\"autogrid\ 4.2.6\" -DPACKAGE_BUGREPORT=\"autodock@scripps.edu\" -DPACKAGE_URL=\"\" -DPACKAGE=\"autogrid\" -DVERSION=\"4.2.6\" -DHAVE_LIBM=1 -DSTDC_HEADERS=1 -DHAVE_SYS_TYPES_H=1 -DHAVE_SYS_STAT_H=1 -DHAVE_STDLIB_H=1 -DHAVE_STRING_H=1 -DHAVE_MEMORY_H=1 -DHAVE_STRINGS_H=1 -DHAVE_INTTYPES_H=1 -DHAVE_STDINT_H=1 -DHAVE_UNISTD_H=1 -DHAVE__BOOL=1 -DHAVE_STDBOOL_H=1 -DHAVE_STDLIB_H=1 -DHAVE_MALLOC=1 -DHAVE_GETHOSTNAME=1 -DHAVE_GETPID=1 -DHAVE_FCHMOD=1 -DHAVE_SETLINEBUF=1 -DHAVE_SYSCONF=1 -DHAVE_TIMES=1 -DHAVE_GETRUSAGE=1 -DHAVE_POW=1 -DHAVE_SQRT=1 -DHAVE_STRNCASECMP=1'
DEPDIR='.deps'
ECHO_C=''
ECHO_N='-n'
ECHO_T=''
EGREP='/bin/grep -E'
EXEEXT=''
GREP='/bin/grep'
INSTALL_DATA='${INSTALL} -m 644'
INSTALL_PROGRAM='${INSTALL}'
INSTALL_SCRIPT='${INSTALL}'
INSTALL_STRIP_PROGRAM='$(install_sh) -c -s'
LDFLAGS=''
LIBOBJS=''
LIBS='-lm '
LTLIBOBJS=''
MAKEINFO='makeinfo'
MKDIR_P='/bin/mkdir -p'
OBJEXT='o'
PACKAGE='autogrid'
PACKAGE_BUGREPORT='autodock@scripps.edu'
PACKAGE_NAME='autogrid'
PACKAGE_STRING='autogrid 4.2.6'
PACKAGE_TARNAME='autogrid'
PACKAGE_URL=''
PACKAGE_VERSION='4.2.6'
PATH_SEPARATOR=':'
SET_MAKE=''
SHELL='/bin/bash'
STRIP=''
VERSION='4.2.6'
WANT_BIGSTACK_FALSE=''
WANT_BIGSTACK_TRUE='#'
ac_ct_CC='gcc'
ac_ct_CXX='g++'
am__EXEEXT_FALSE=''
am__EXEEXT_TRUE='#'
am__fastdepCC_FALSE='#'
am__fastdepCC_TRUE=''
am__fastdepCXX_FALSE='#'
am__fastdepCXX_TRUE=''
am__include='include'
am__isrc=''
am__leading_dot='.'
am__nodep='_no'
am__quote=''
am__tar='$${TAR-tar} chof - "$$tardir"'
am__untar='$${TAR-tar} xf -'
bindir='${exec_prefix}/bin'
build='x86_64-unknown-linux-gnu'
build_alias=''
build_cpu='x86_64'
build_os='linux-gnu'
build_vendor='unknown'
datadir='${datarootdir}'
datarootdir='${prefix}/share'
docdir='${datarootdir}/doc/${PACKAGE_TARNAME}'
dvidir='${docdir}'
exec_prefix='${prefix}'
host='x86_64-unknown-linux-gnu'
host_alias=''
host_cpu='x86_64'
host_os='linux-gnu'
host_vendor='unknown'
htmldir='${docdir}'
includedir='${prefix}/include'
infodir='${datarootdir}/info'
install_sh='${SHELL} /home/esteban/Dropbox/glyco-division/programas/autogrid_dock_src/autogrid/install-sh'
libdir='${exec_prefix}/lib'
libexecdir='${exec_prefix}/libexec'
localedir='${datarootdir}/locale'
localstatedir='${prefix}/var'
mandir='${datarootdir}/man'
mkdir_p='$(MKDIR_P)'
oldincludedir='/usr/include'
pdfdir='${docdir}'
prefix='/usr/local'
program_transform_name='s,x,x,'
psdir='${docdir}'
sbindir='${exec_prefix}/sbin'
sharedstatedir='${prefix}/com'
sysconfdir='${prefix}/etc'
target_alias=''

## ----------- ##
## confdefs.h. ##
## ----------- ##

/* confdefs.h */
#define PACKAGE_NAME "autogrid"
#define PACKAGE_TARNAME "autogrid"
#define PACKAGE_VERSION "4.2.6"
#define PACKAGE_STRING "autogrid 4.2.6"
#define PACKAGE_BUGREPORT "autodock@scripps.edu"
#define PACKAGE_URL ""
#define PACKAGE "autogrid"
#define VERSION "4.2.6"
#define HAVE_LIBM 1
#define STDC_HEADERS 1
#define HAVE_SYS_TYPES_H 1
#define HAVE_SYS_STAT_H 1
#define HAVE_STDLIB_H 1
#define HAVE_STRING_H 1
#define HAVE_MEMORY_H 1
#define HAVE_STRINGS_H 1
#define HAVE_INTTYPES_H 1
#define HAVE_STDINT_H 1
#define HAVE_UNISTD_H 1
#define HAVE__BOOL 1
#define HAVE_STDBOOL_H 1
#define HAVE_STDLIB_H 1
#define HAVE_MALLOC 1
#define HAVE_GETHOSTNAME 1
#define HAVE_GETPID 1
#define HAVE_FCHMOD 1
#define HAVE_SETLINEBUF 1
#define HAVE_SYSCONF 1
#define HAVE_TIMES 1
#define HAVE_GETRUSAGE 1
#define HAVE_POW 1
#define HAVE_SQRT 1
#define HAVE_STRNCASECMP 1

configure: exit 0
